C51 COMPILER V9.52.0.0   KEY                                                               02/26/2019 22:05:33 PAGE 1   


C51 COMPILER V9.52.0.0, COMPILATION OF MODULE KEY
OBJECT MODULE PLACED IN Key.OBJ
COMPILER INVOKED BY: D:\C51\BIN\C51.EXE Key.c BROWSE DEBUG OBJECTEXTEND TABS(2)

line level    source

   1          #include "stc.H"
   2          #include "Key.h"
   3          #define GPIO_KEY P1
   4          
   5          static unsigned char KeyValue;//用来存放读取到的键值
   6          
   7          /***********************************************
   8          按键驱动扫描
   9          ***********************************************/
  10          unsigned char OSReadKey(void)
  11          {
  12   1        char a=0;
  13   1        GPIO_KEY=0x0f;
  14   1        if(GPIO_KEY!=0x0f)//读取按键是否按下
  15   1        {
  16   2          Delay10ms();//延时10ms进行消抖
  17   2          if(GPIO_KEY!=0x0f)//再次检测键盘是否按下
  18   2          {
  19   3            
  20   3            //测试列
  21   3            GPIO_KEY=0X0f;
  22   3            
  23   3            switch(GPIO_KEY)
  24   3            {
  25   4              case(0X07) :  KeyValue=1 ; break;//0111 
  26   4              case(0X0b) :  KeyValue=2 ; break;//1011 
  27   4              case(0X0d) :  KeyValue=3 ; break;//1101
  28   4              case(0X0e) :  KeyValue=4 ; break;//1110
  29   4              case(0x05) :  KeyValue=5 ; break;//0101的情况 1+3
  30   4              case(0x06) :  KeyValue=6 ; break;//0110的情况 1+4
  31   4              case(0x09) :  KeyValue=7 ; break;//1001的情况 2+3
  32   4              case(0x0a) :  KeyValue=8 ; break;//1010的情况 2+4
  33   4              default :
  34   4                KeyValue=0;
  35   4            }
  36   3            while((a<50)&&(GPIO_KEY!=0x0f))  //检测按键松手检测
  37   3            {
  38   4              Delay10ms();
  39   4              a++;
  40   4            }
  41   3          } 
  42   2       
  43   2          return KeyValue;  
  44   2        }
  45   1        return 0;
  46   1      } 
  47          
  48          
  49          /*******************************************************************************
  50          * 函 数 名         : Delay10ms
  51          * 函数功能       : 延时函数，延时10ms
  52          * 输    入         : 无
  53          * 输    出         : 无
  54          *******************************************************************************/
  55          void Delay10ms(void)   //误差 0us
C51 COMPILER V9.52.0.0   KEY                                                               02/26/2019 22:05:33 PAGE 2   

  56          {
  57   1          unsigned char a,b,c;
  58   1          for(c=1;c>0;c--)
  59   1              for(b=38;b>0;b--)
  60   1                  for(a=130;a>0;a--);
  61   1      }
  62          /***************************************************************/


MODULE INFORMATION:   STATIC OVERLAYABLE
   CODE SIZE        =    165    ----
   CONSTANT SIZE    =   ----    ----
   XDATA SIZE       =   ----    ----
   PDATA SIZE       =   ----    ----
   DATA SIZE        =      1       1
   IDATA SIZE       =   ----    ----
   BIT SIZE         =   ----    ----
END OF MODULE INFORMATION.


C51 COMPILATION COMPLETE.  0 WARNING(S),  0 ERROR(S)
